<?xml version="1.0" encoding="UTF-8"?>
<!-- Generated by org.testng.reporters.JUnitReportReporter -->
<testsuite hostname="NWCHNLAP004" failures="0" tests="1" name="EHUB.GHR_ViewEmployee.EditandupdateWithoutMandatoryField_ViewEmployee" time="22.896" errors="0" timestamp="2022-07-21T11:05:43 IST" skipped="0">
  <testcase classname="EHUB.GHR_ViewEmployee.EditandupdateWithoutMandatoryField_ViewEmployee" name="editandupdate" time="22.896"/>
  <system-out/>
</testsuite> <!-- EHUB.GHR_ViewEmployee.EditandupdateWithoutMandatoryField_ViewEmployee -->
