<?xml version="1.0" encoding="UTF-8"?>
<!-- Generated by org.testng.reporters.JUnitReportReporter -->
<testsuite hostname="NWCHNLAP004" failures="0" tests="1" name="action_Requests.Approve_Reject_Record" time="27.442" errors="0" timestamp="2022-07-18T10:21:12 IST" skipped="0">
  <testcase classname="action_Requests.Approve_Reject_Record" name="rejectRecord" time="27.442"/>
  <system-out/>
</testsuite> <!-- action_Requests.Approve_Reject_Record -->
