<?xml version="1.0" encoding="UTF-8"?>
<!-- Generated by org.testng.reporters.JUnitReportReporter -->
<testsuite hostname="NWCHNLAP004" failures="0" tests="2" name="AuditLog.AuditLogTestCases" time="41.649" errors="0" timestamp="2022-07-25T10:49:47 IST" skipped="0">
  <testcase classname="AuditLog.AuditLogTestCases" name="resetFields" time="21.125"/>
  <system-out/>
  <testcase classname="AuditLog.AuditLogTestCases" name="submitWithoutMandatoryFields" time="20.524"/>
  <system-out/>
</testsuite> <!-- AuditLog.AuditLogTestCases -->
