<?xml version="1.0" encoding="UTF-8"?>
<!-- Generated by org.testng.reporters.JUnitReportReporter -->
<testsuite hostname="NWCHNLAP004" failures="0" tests="4" name="action_Requests.ActionRequets_APPROVALS_Filter" time="87.115" errors="0" timestamp="2022-07-15T15:08:04 IST" skipped="0">
  <testcase classname="action_Requests.ActionRequets_APPROVALS_Filter" name="filterByOpenStatus" time="28.904"/>
  <system-out/>
  <testcase classname="action_Requests.ActionRequets_APPROVALS_Filter" name="filterByRejectedStatus" time="21.804"/>
  <system-out/>
  <testcase classname="action_Requests.ActionRequets_APPROVALS_Filter" name="filterByCancelledStatus" time="16.538"/>
  <system-out/>
  <testcase classname="action_Requests.ActionRequets_APPROVALS_Filter" name="filterByApprovedStatus" time="19.869"/>
  <system-out/>
</testsuite> <!-- action_Requests.ActionRequets_APPROVALS_Filter -->
