<?xml version="1.0" encoding="UTF-8"?>
<!-- Generated by org.testng.reporters.JUnitReportReporter -->
<testsuite hostname="NWCHNLAP004" failures="0" tests="4" name="action_Requests.ActionRequets_APPROVALS_Filter" time="91.583" errors="0" timestamp="2022-07-18T10:16:06 IST" skipped="0">
  <testcase classname="action_Requests.ActionRequets_APPROVALS_Filter" name="filterByOpenStatus" time="23.648"/>
  <system-out/>
  <testcase classname="action_Requests.ActionRequets_APPROVALS_Filter" name="filterByRejectedStatus" time="26.676"/>
  <system-out/>
  <testcase classname="action_Requests.ActionRequets_APPROVALS_Filter" name="filterByCancelledStatus" time="18.935"/>
  <system-out/>
  <testcase classname="action_Requests.ActionRequets_APPROVALS_Filter" name="filterByApprovedStatus" time="22.324"/>
  <system-out/>
</testsuite> <!-- action_Requests.ActionRequets_APPROVALS_Filter -->
