<?xml version="1.0" encoding="UTF-8"?>
<!-- Generated by org.testng.reporters.JUnitReportReporter -->
<testsuite hostname="NWCHNLAP004" failures="0" tests="4" name="action_Requests.ActionRequets_MY_REQUESTS_Filter" time="114.628" errors="0" timestamp="2022-07-15T22:15:43 IST" skipped="0">
  <testcase classname="action_Requests.ActionRequets_MY_REQUESTS_Filter" name="filterByOpenStatus" time="33.296"/>
  <system-out/>
  <testcase classname="action_Requests.ActionRequets_MY_REQUESTS_Filter" name="filterByRejectedStatus" time="25.787"/>
  <system-out/>
  <testcase classname="action_Requests.ActionRequets_MY_REQUESTS_Filter" name="filterByCancelledStatus" time="24.880"/>
  <system-out/>
  <testcase classname="action_Requests.ActionRequets_MY_REQUESTS_Filter" name="filterByApprovedStatus" time="30.665"/>
  <system-out/>
</testsuite> <!-- action_Requests.ActionRequets_MY_REQUESTS_Filter -->
