<?xml version="1.0" encoding="UTF-8"?>
<!-- Generated by org.testng.reporters.JUnitReportReporter -->
<testsuite hostname="NWCHNLAP004" failures="0" tests="1" name="EHUB.GHR_CreateEmployee.OpenDraft_WithoutSelectingAnyDraft" time="38.036" errors="0" timestamp="2022-07-18T10:49:03 IST" skipped="0">
  <testcase classname="EHUB.GHR_CreateEmployee.OpenDraft_WithoutSelectingAnyDraft" name="saveDraft" time="38.036"/>
  <system-out/>
</testsuite> <!-- EHUB.GHR_CreateEmployee.OpenDraft_WithoutSelectingAnyDraft -->
