<?xml version="1.0" encoding="UTF-8"?>
<!-- Generated by org.testng.reporters.JUnitReportReporter -->
<testsuite hostname="NWCHNLAP004" failures="0" tests="1" name="EHUB.GHR_CreateEmployee.OpenDraft_WithoutSelectingAnyDraft" time="34.033" errors="0" timestamp="2022-06-30T10:22:22 IST" skipped="0">
  <testcase classname="EHUB.GHR_CreateEmployee.OpenDraft_WithoutSelectingAnyDraft" name="openDraft_WithoutSelectingAnyDraft" time="34.033"/>
  <system-out/>
</testsuite> <!-- EHUB.GHR_CreateEmployee.OpenDraft_WithoutSelectingAnyDraft -->
