<?xml version="1.0" encoding="UTF-8"?>
<!-- Generated by org.testng.reporters.JUnitReportReporter -->
<testsuite hostname="NWCHNLAP004" failures="0" tests="4" name="action_Requests.ActionRequets_MY_REQUESTS_Filter" time="94.528" errors="0" timestamp="2022-07-18T10:16:06 IST" skipped="0">
  <testcase classname="action_Requests.ActionRequets_MY_REQUESTS_Filter" name="filterByOpenStatus" time="25.432"/>
  <system-out/>
  <testcase classname="action_Requests.ActionRequets_MY_REQUESTS_Filter" name="filterByRejectedStatus" time="18.079"/>
  <system-out/>
  <testcase classname="action_Requests.ActionRequets_MY_REQUESTS_Filter" name="filterByCancelledStatus" time="26.638"/>
  <system-out/>
  <testcase classname="action_Requests.ActionRequets_MY_REQUESTS_Filter" name="filterByApprovedStatus" time="24.379"/>
  <system-out/>
</testsuite> <!-- action_Requests.ActionRequets_MY_REQUESTS_Filter -->
