<?xml version="1.0" encoding="UTF-8"?>
<!-- Generated by org.testng.reporters.JUnitReportReporter -->
<testsuite hostname="NWCHNLAP004" failures="0" tests="4" name="action_Requests.ActionRequetsMyRequestsFilter" time="89.050" errors="0" timestamp="2022-07-15T15:01:27 IST" skipped="0">
  <testcase classname="action_Requests.ActionRequetsMyRequestsFilter" name="filterByOpenStatus" time="21.798"/>
  <system-out/>
  <testcase classname="action_Requests.ActionRequetsMyRequestsFilter" name="filterByRejectedStatus" time="28.036"/>
  <system-out/>
  <testcase classname="action_Requests.ActionRequetsMyRequestsFilter" name="filterByCancelledStatus" time="17.903"/>
  <system-out/>
  <testcase classname="action_Requests.ActionRequetsMyRequestsFilter" name="filterByApprovedStatus" time="21.313"/>
  <system-out/>
</testsuite> <!-- action_Requests.ActionRequetsMyRequestsFilter -->
