<?xml version="1.0" encoding="UTF-8"?>
<!-- Generated by org.testng.reporters.JUnitReportReporter -->
<testsuite hostname="NWCHNLAP004" failures="0" tests="1" name="ListViewTestCases_ViewEmployee.ListView_TestCases" time="56.075" errors="0" timestamp="2022-07-14T22:17:30 IST" skipped="0">
  <testcase classname="ListViewTestCases_ViewEmployee.ListView_TestCases" name="configureColumn" time="56.075"/>
  <system-out/>
</testsuite> <!-- ListViewTestCases_ViewEmployee.ListView_TestCases -->
