<?xml version="1.0" encoding="UTF-8"?>
<!-- Generated by org.testng.reporters.JUnitReportReporter -->
<testsuite hostname="NWCHNLAP004" failures="0" tests="2" name="EHUB.GHR_ViewEmployee.Editandupdate_ViewEmployee_AttachDocument" time="32.039" errors="0" timestamp="2022-07-26T13:58:36 IST" skipped="0">
  <testcase classname="EHUB.GHR_ViewEmployee.Editandupdate_ViewEmployee_AttachDocument" name="editandupdateDocumentUpload_Image" time="28.873"/>
  <system-out/>
  <testcase classname="EHUB.GHR_ViewEmployee.Editandupdate_ViewEmployee_AttachDocument" name="editandupdateDocumentUpload_PDF" time="3.166"/>
  <system-out/>
</testsuite> <!-- EHUB.GHR_ViewEmployee.Editandupdate_ViewEmployee_AttachDocument -->
