<?xml version="1.0" encoding="UTF-8"?>
<!-- Generated by org.testng.reporters.JUnitReportReporter -->
<testsuite hostname="NWCHNLAP004" failures="0" tests="1" name="EHUB.GHR_ViewEmployee.Editandupdate_ViewEmployee" time="25.346" errors="0" timestamp="2022-06-24T12:56:06 IST" skipped="0">
  <testcase classname="EHUB.GHR_ViewEmployee.Editandupdate_ViewEmployee" name="editandupdate" time="25.346"/>
  <system-out/>
</testsuite> <!-- EHUB.GHR_ViewEmployee.Editandupdate_ViewEmployee -->
