<?xml version="1.0" encoding="UTF-8"?>
<!-- Generated by org.testng.reporters.JUnitReportReporter -->
<testsuite hostname="NWCHNLAP004" failures="0" tests="1" name="createMultipleDrafts.SaveNewdraft" time="95.871" errors="0" timestamp="2022-06-21T14:06:40 IST" skipped="0">
  <testcase classname="createMultipleDrafts.SaveNewdraft" name="saveNewDraft" time="95.871"/>
  <system-out/>
</testsuite> <!-- createMultipleDrafts.SaveNewdraft -->
