<?xml version="1.0" encoding="UTF-8"?>
<!-- Generated by org.testng.reporters.JUnitReportReporter -->
<testsuite hostname="NWCHNLAP004" failures="0" tests="4" name="action_Requests.ActionRequetsMyRequests" time="86.849" errors="0" timestamp="2022-07-15T14:44:03 IST" skipped="0">
  <testcase classname="action_Requests.ActionRequetsMyRequests" name="filterByOpenStatus" time="25.025"/>
  <system-out/>
  <testcase classname="action_Requests.ActionRequetsMyRequests" name="filterByRejectedStatus" time="18.951"/>
  <system-out/>
  <testcase classname="action_Requests.ActionRequetsMyRequests" name="filterByCancelledStatus" time="19.279"/>
  <system-out/>
  <testcase classname="action_Requests.ActionRequetsMyRequests" name="filterByApprovedStatus" time="23.594"/>
  <system-out/>
</testsuite> <!-- action_Requests.ActionRequetsMyRequests -->
