<?xml version="1.0" encoding="UTF-8"?>
<!-- Generated by org.testng.reporters.JUnitReportReporter -->
<testsuite hostname="NWCHNLAP004" failures="0" tests="2" name="EHUB.GHR_ViewEmployee.Editandupdate_ViewEmployee_PercentageIncreaseanddecrease" time="36.270" errors="0" timestamp="2022-07-25T16:44:36 IST" skipped="0">
  <testcase classname="EHUB.GHR_ViewEmployee.Editandupdate_ViewEmployee_PercentageIncreaseanddecrease" name="editandupdateProgressBarIncrease" time="30.621"/>
  <system-out/>
  <testcase classname="EHUB.GHR_ViewEmployee.Editandupdate_ViewEmployee_PercentageIncreaseanddecrease" name="editandupdateProgressBardecrease" time="5.649"/>
  <system-out/>
</testsuite> <!-- EHUB.GHR_ViewEmployee.Editandupdate_ViewEmployee_PercentageIncreaseanddecrease -->
