<?xml version="1.0" encoding="UTF-8"?>
<!-- Generated by org.testng.reporters.JUnitReportReporter -->
<testsuite hostname="NWCHNLAP004" failures="0" tests="1" name="EHUB.GHR_CreateEmployee.Select_Draft_After_Creating_A_Draft" time="18.696" errors="0" timestamp="2022-06-30T10:22:23 IST" skipped="0">
  <testcase classname="EHUB.GHR_CreateEmployee.Select_Draft_After_Creating_A_Draft" name="openDraft_withSelectingAnyDraft" time="18.696"/>
  <system-out/>
</testsuite> <!-- EHUB.GHR_CreateEmployee.Select_Draft_After_Creating_A_Draft -->
