<?xml version="1.0" encoding="UTF-8"?>
<!-- Generated by org.testng.reporters.JUnitReportReporter -->
<testsuite hostname="NWCHNLAP004" failures="0" tests="1" name="EHUB.GHR_ViewEmployee.Editandupdate_ViewEmployee_RemoveFileWithoutAttachment" time="19.804" errors="0" timestamp="2022-07-26T13:44:20 IST" skipped="0">
  <testcase classname="EHUB.GHR_ViewEmployee.Editandupdate_ViewEmployee_RemoveFileWithoutAttachment" name="editandupdateDocumentUploadRemoveWithoutAttachment" time="19.804"/>
  <system-out/>
</testsuite> <!-- EHUB.GHR_ViewEmployee.Editandupdate_ViewEmployee_RemoveFileWithoutAttachment -->
