<?xml version="1.0" encoding="UTF-8"?>
<!-- Generated by org.testng.reporters.JUnitReportReporter -->
<testsuite hostname="NWCHNLAP004" failures="0" tests="1" name="AuditLog.mandatory_Fields" time="23.365" errors="0" timestamp="2022-07-22T16:54:57 IST" skipped="0">
  <testcase classname="AuditLog.mandatory_Fields" name="filterByOpenStatus" time="23.365"/>
  <system-out/>
</testsuite> <!-- AuditLog.mandatory_Fields -->
