<?xml version="1.0" encoding="UTF-8"?>
<!-- Generated by org.testng.reporters.JUnitReportReporter -->
<testsuite hostname="NWCHNLAP004" failures="0" tests="1" name="EHUB.GHR_CreateEmployee.DeleteDraftCloseBtn" time="13.917" errors="0" timestamp="2022-06-30T10:22:22 IST" skipped="0">
  <testcase classname="EHUB.GHR_CreateEmployee.DeleteDraftCloseBtn" name="deletDraftCloseBtn" time="13.917"/>
  <system-out/>
</testsuite> <!-- EHUB.GHR_CreateEmployee.DeleteDraftCloseBtn -->
