<?xml version="1.0" encoding="UTF-8"?>
<!-- Generated by org.testng.reporters.JUnitReportReporter -->
<testsuite hostname="NWCHNLAP004" failures="0" tests="2" name="EHUB.GHR_CreateEmployee.Delete_Multiple_Drafts" time="20.222" errors="0" timestamp="2022-06-30T10:22:22 IST" skipped="0">
  <testcase classname="EHUB.GHR_CreateEmployee.Delete_Multiple_Drafts" name="deleteDraftClearAll" time="19.632"/>
  <system-out/>
  <testcase classname="EHUB.GHR_CreateEmployee.Delete_Multiple_Drafts" name="deleteDrafts" time="0.590"/>
  <system-out/>
</testsuite> <!-- EHUB.GHR_CreateEmployee.Delete_Multiple_Drafts -->
