<?xml version="1.0" encoding="UTF-8"?>
<!-- Generated by org.testng.reporters.JUnitReportReporter -->
<testsuite hostname="NWCHNLAP004" failures="0" tests="1" name="ListViewTestCases_ViewEmployee.UniversalSearch_Positive_Negative" time="45.261" errors="0" timestamp="2022-07-06T17:23:55 IST" skipped="0">
  <testcase classname="ListViewTestCases_ViewEmployee.UniversalSearch_Positive_Negative" name="configureColumnSearchInValid" time="45.261"/>
  <system-out/>
</testsuite> <!-- ListViewTestCases_ViewEmployee.UniversalSearch_Positive_Negative -->
