<?xml version="1.0" encoding="UTF-8"?>
<!-- Generated by org.testng.reporters.JUnitReportReporter -->
<testsuite hostname="NWCHNLAP004" failures="0" tests="1" name="EHUB.GHR_ViewEmployee.ResetForm_ViewEmployee" time="26.693" errors="0" timestamp="2022-07-20T10:33:43 IST" skipped="0">
  <testcase classname="EHUB.GHR_ViewEmployee.ResetForm_ViewEmployee" name="resetform" time="26.693"/>
  <system-out/>
</testsuite> <!-- EHUB.GHR_ViewEmployee.ResetForm_ViewEmployee -->
