<?xml version="1.0" encoding="UTF-8"?>
<!-- Generated by org.testng.reporters.JUnitReportReporter -->
<testsuite hostname="NWCHNLAP004" failures="0" tests="1" name="EHUB.GHR_CreateEmployee.CreateEmployee_ResetForm" time="48.866" errors="0" timestamp="2022-07-20T10:22:30 IST" skipped="0">
  <testcase classname="EHUB.GHR_CreateEmployee.CreateEmployee_ResetForm" name="createEmployee" time="48.866"/>
  <system-out/>
</testsuite> <!-- EHUB.GHR_CreateEmployee.CreateEmployee_ResetForm -->
