<?xml version="1.0" encoding="UTF-8"?>
<!-- Generated by org.testng.reporters.JUnitReportReporter -->
<testsuite hostname="NWCHNLAP004" failures="0" tests="1" name="EHUB.GHR_ViewEmployee.Editandupdate_ViewEmployee_OnetoManySection" time="25.051" errors="0" timestamp="2022-07-25T15:43:37 IST" skipped="0">
  <testcase classname="EHUB.GHR_ViewEmployee.Editandupdate_ViewEmployee_OnetoManySection" name="editandupdate" time="25.051"/>
  <system-out/>
</testsuite> <!-- EHUB.GHR_ViewEmployee.Editandupdate_ViewEmployee_OnetoManySection -->
