<?xml version="1.0" encoding="UTF-8"?>
<!-- Generated by org.testng.reporters.JUnitReportReporter -->
<testsuite hostname="NWCHNLAP004" failures="0" tests="1" name="EHUB.GHR_ViewEmployee.Editandupdate_ViewEmployee_RemoveFileWithAttachment" time="21.833" errors="0" timestamp="2022-07-26T13:12:59 IST" skipped="0">
  <testcase classname="EHUB.GHR_ViewEmployee.Editandupdate_ViewEmployee_RemoveFileWithAttachment" name="editandupdateDocumentUpload" time="21.833"/>
  <system-out/>
</testsuite> <!-- EHUB.GHR_ViewEmployee.Editandupdate_ViewEmployee_RemoveFileWithAttachment -->
