<?xml version="1.0" encoding="UTF-8"?>
<!-- Generated by org.testng.reporters.JUnitReportReporter -->
<testsuite hostname="NWCHNLAP004" failures="0" tests="1" name="EHUB.GHR_ViewEmployee.CreateEmployee_BackToHireScreen" time="26.754" errors="0" timestamp="2022-07-20T10:53:28 IST" skipped="0">
  <testcase classname="EHUB.GHR_ViewEmployee.CreateEmployee_BackToHireScreen" name="resetForm" time="26.754"/>
  <system-out/>
</testsuite> <!-- EHUB.GHR_ViewEmployee.CreateEmployee_BackToHireScreen -->
